app/build/outputs/logs/manifest-merger-release-report.txt
-- Merging decision tree log ---
manifest
ADDED from src\main\AndroidManifest.xml:2:1-626:12
	xmlns:android
		ADDED from src\main\AndroidManifest.xml:2:11-69
	package
		ADDED from src\main\AndroidManifest.xml:3:5-37
		INJECTED from src\main\AndroidManifest.xml
		INJECTED from src\main\AndroidManifest.xml
	android:versionName
		ADDED from src\main\AndroidManifest.xml:5:5-32
		INJECTED from src\main\AndroidManifest.xml
		INJECTED from src\main\AndroidManifest.xml
	android:versionCode
		ADDED from src\main\AndroidManifest.xml:4:5-29
		INJECTED from src\main\AndroidManifest.xml
		INJECTED from src\main\AndroidManifest.xml
uses-sdk
ADDED from src\main\AndroidManifest.xml:9:5-11:41
MERGED from [com.google.android.gms:play-services-appindexing:8.1.0] AndroidManifest.xml:18:5-42
MERGED from [com.google.android.gms:play-services-basement:8.1.0] AndroidManifest.xml:18:5-42
MERGED from [com.android.support:support-v4:22.2.0] AndroidManifest.xml:20:5-43
MERGED from [com.jakewharton:butterknife:8.0.1] AndroidManifest.xml:5:5-43
	android:targetSdkVersion
		ADDED from src\main\AndroidManifest.xml:11:9-38
		INJECTED from src\main\AndroidManifest.xml
		INJECTED from src\main\AndroidManifest.xml
	android:minSdkVersion
		ADDED from src\main\AndroidManifest.xml:10:9-34
		INJECTED from src\main\AndroidManifest.xml
		INJECTED from src\main\AndroidManifest.xml
permission#com.example.sjqcjstock.permission.JPUSH_MESSAGdingE
ADDED from src\main\AndroidManifest.xml:15:5-17:47
	android:protectionLevel
		ADDED from src\main\AndroidManifest.xml:17:9-44
	android:name
		ADDED from src\main\AndroidManifest.xml:16:9-75
uses-permission#com.example.sjqcjstock.permission.JPUSH_MESSAGE
ADDED from src\main\AndroidManifest.xml:19:5-87
	android:name
		ADDED from src\main\AndroidManifest.xml:19:22-84
uses-permission#android.permission.RECEIVE_USER_PRESENT
ADDED from src\main\AndroidManifest.xml:20:5-79
	android:name
		ADDED from src\main\AndroidManifest.xml:20:22-76
uses-permission#android.permission.READ_EXTERNAL_STORAGE
ADDED from src\main\AndroidManifest.xml:21:5-80
	android:name
		ADDED from src\main\AndroidManifest.xml:21:22-77
uses-permission#android.permission.SYSTEM_ALERT_WINDOW
ADDED from src\main\AndroidManifest.xml:23:5-78
	android:name
		ADDED from src\main\AndroidManifest.xml:23:22-75
uses-permission#android.permission.CHANGE_NETWORK_STATE
ADDED from src\main\AndroidManifest.xml:24:5-79
	android:name
		ADDED from src\main\AndroidManifest.xml:24:22-76
application
ADDED from src\main\AndroidManifest.xml:27:5-573:19
MERGED from [com.google.android.gms:play-services-appindexing:8.1.0] AndroidManifest.xml:19:5-20
MERGED from [com.google.android.gms:play-services-basement:8.1.0] AndroidManifest.xml:20:5-24:19
MERGED from [com.android.support:support-v4:22.2.0] AndroidManifest.xml:22:5-20
	android:label
		ADDED from src\main\AndroidManifest.xml:31:9-41
	android:allowBackup
		ADDED from src\main\AndroidManifest.xml:29:9-35
	android:icon
		ADDED from src\main\AndroidManifest.xml:30:9-39
	android:theme
		ADDED from src\main\AndroidManifest.xml:32:9-40
	android:name
		ADDED from src\main\AndroidManifest.xml:28:9-42
service#cn.jpush.android.service.PushService
ADDED from src\main\AndroidManifest.xml:37:9-47:19
	android:exported
		ADDED from src\main\AndroidManifest.xml:40:13-37
	android:enabled
		ADDED from src\main\AndroidManifest.xml:39:13-35
	android:name
		ADDED from src\main\AndroidManifest.xml:38:13-64
intent-filter#cn.jpush.android.intent.PUSH_TIME+cn.jpush.android.intent.PushService+cn.jpush.android.intent.REGISTER+cn.jpush.android.intent.REPORT
ADDED from src\main\AndroidManifest.xml:41:13-46:29
action#cn.jpush.android.intent.REGISTER
ADDED from src\main\AndroidManifest.xml:42:17-75
	android:name
		ADDED from src\main\AndroidManifest.xml:42:25-72
action#cn.jpush.android.intent.REPORT
ADDED from src\main\AndroidManifest.xml:43:17-73
	android:name
		ADDED from src\main\AndroidManifest.xml:43:25-70
action#cn.jpush.android.intent.PushService
ADDED from src\main\AndroidManifest.xml:44:17-78
	android:name
		ADDED from src\main\AndroidManifest.xml:44:25-75
action#cn.jpush.android.intent.PUSH_TIME
ADDED from src\main\AndroidManifest.xml:45:17-76
	android:name
		ADDED from src\main\AndroidManifest.xml:45:25-73
receiver#cn.jpush.android.service.PushReceiver
ADDED from src\main\AndroidManifest.xml:49:9-66:20
	android:enabled
		ADDED from src\main\AndroidManifest.xml:51:13-35
	android:name
		ADDED from src\main\AndroidManifest.xml:50:13-65
intent-filter#cn.jpush.android.intent.NOTIFICATION_RECEIVED_PROXY+com.example.sjqcjstock
ADDED from src\main\AndroidManifest.xml:52:13-55:29
	android:priority
		ADDED from src\main\AndroidManifest.xml:52:28-51
action#cn.jpush.android.intent.NOTIFICATION_RECEIVED_PROXY
ADDED from src\main\AndroidManifest.xml:53:17-94
	android:name
		ADDED from src\main\AndroidManifest.xml:53:25-91
category#com.example.sjqcjstock
ADDED from src\main\AndroidManifest.xml:54:17-66
	android:name
		ADDED from src\main\AndroidManifest.xml:54:27-64
intent-filter#android.intent.action.USER_PRESENT+android.net.conn.CONNECTIVITY_CHANGE
ADDED from src\main\AndroidManifest.xml:56:13-59:29
action#android.intent.action.USER_PRESENT
ADDED from src\main\AndroidManifest.xml:57:17-77
	android:name
		ADDED from src\main\AndroidManifest.xml:57:25-74
action#android.net.conn.CONNECTIVITY_CHANGE
ADDED from src\main\AndroidManifest.xml:58:17-79
	android:name
		ADDED from src\main\AndroidManifest.xml:58:25-76
intent-filter#android.intent.action.PACKAGE_ADDED+android.intent.action.PACKAGE_REMOVED
ADDED from src\main\AndroidManifest.xml:61:13-65:29
action#android.intent.action.PACKAGE_ADDED
ADDED from src\main\AndroidManifest.xml:62:17-78
	android:name
		ADDED from src\main\AndroidManifest.xml:62:25-75
action#android.intent.action.PACKAGE_REMOVED
ADDED from src\main\AndroidManifest.xml:63:17-80
	android:name
		ADDED from src\main\AndroidManifest.xml:63:25-77
data
ADDED from src\main\AndroidManifest.xml:64:17-50
	android:scheme
		ADDED from src\main\AndroidManifest.xml:64:23-47
activity#cn.jpush.android.ui.PushActivity
ADDED from src\main\AndroidManifest.xml:68:9-78:20
	android:configChanges
		ADDED from src\main\AndroidManifest.xml:70:13-63
	android:theme
		ADDED from src\main\AndroidManifest.xml:71:13-60
	android:exported
		ADDED from src\main\AndroidManifest.xml:72:13-37
	android:name
		ADDED from src\main\AndroidManifest.xml:69:13-60
intent-filter#android.intent.category.DEFAULT+cn.jpush.android.ui.PushActivity+com.example.sjqcjstock
ADDED from src\main\AndroidManifest.xml:73:13-77:29
action#cn.jpush.android.ui.PushActivity
ADDED from src\main\AndroidManifest.xml:74:17-75
	android:name
		ADDED from src\main\AndroidManifest.xml:74:25-72
category#android.intent.category.DEFAULT
ADDED from src\main\AndroidManifest.xml:75:17-76
	android:name
		ADDED from src\main\AndroidManifest.xml:75:27-73
service#cn.jpush.android.service.DownloadService
ADDED from src\main\AndroidManifest.xml:80:9-84:19
	android:exported
		ADDED from src\main\AndroidManifest.xml:83:13-37
	android:enabled
		ADDED from src\main\AndroidManifest.xml:82:13-35
	android:name
		ADDED from src\main\AndroidManifest.xml:81:13-68
receiver#cn.jpush.android.service.AlarmReceiver
ADDED from src\main\AndroidManifest.xml:86:9-75
	android:name
		ADDED from src\main\AndroidManifest.xml:86:19-72
receiver#com.example.sjqcjstock.Receiver.JpushReceiver
ADDED from src\main\AndroidManifest.xml:89:9-105:20
	android:enabled
		ADDED from src\main\AndroidManifest.xml:91:13-35
	android:name
		ADDED from src\main\AndroidManifest.xml:90:13-73
intent-filter#cn.jpush.android.intent.CONNECTION+cn.jpush.android.intent.MESSAGE_RECEIVED+cn.jpush.android.intent.NOTIFICATION_OPENED+cn.jpush.android.intent.NOTIFICATION_RECEIVED+cn.jpush.android.intent.REGISTRATION+com.example.sjqcjstock
ADDED from src\main\AndroidManifest.xml:92:13-104:29
action#cn.jpush.android.intent.REGISTRATION
ADDED from src\main\AndroidManifest.xml:94:17-79
	android:name
		ADDED from src\main\AndroidManifest.xml:94:25-76
action#cn.jpush.android.intent.MESSAGE_RECEIVED
ADDED from src\main\AndroidManifest.xml:96:17-83
	android:name
		ADDED from src\main\AndroidManifest.xml:96:25-80
action#cn.jpush.android.intent.NOTIFICATION_RECEIVED
ADDED from src\main\AndroidManifest.xml:98:17-88
	android:name
		ADDED from src\main\AndroidManifest.xml:98:25-85
action#cn.jpush.android.intent.NOTIFICATION_OPENED
ADDED from src\main\AndroidManifest.xml:100:17-86
	android:name
		ADDED from src\main\AndroidManifest.xml:100:25-83
action#cn.jpush.android.intent.CONNECTION
ADDED from src\main\AndroidManifest.xml:102:17-77
	android:name
		ADDED from src\main\AndroidManifest.xml:102:25-74
meta-data#JPUSH_CHANNEL
ADDED from src\main\AndroidManifest.xml:113:9-84
	android:name
		ADDED from src\main\AndroidManifest.xml:113:20-48
	android:value
		ADDED from src\main\AndroidManifest.xml:113:49-82
meta-data#JPUSH_APPKEY
ADDED from src\main\AndroidManifest.xml:115:9-90
	android:name
		ADDED from src\main\AndroidManifest.xml:115:20-47
	android:value
		ADDED from src\main\AndroidManifest.xml:115:48-88
service#cn.jpush.android.service.DaemonService
ADDED from src\main\AndroidManifest.xml:119:9-127:19
	android:exported
		ADDED from src\main\AndroidManifest.xml:122:13-36
	android:enabled
		ADDED from src\main\AndroidManifest.xml:121:13-35
	android:name
		ADDED from src\main\AndroidManifest.xml:120:13-66
intent-filter#cn.jpush.android.intent.DaemonService+com.example.sjqcjstock
ADDED from src\main\AndroidManifest.xml:123:9-126:25
action#cn.jpush.android.intent.DaemonService
ADDED from src\main\AndroidManifest.xml:124:9-72
	android:name
		ADDED from src\main\AndroidManifest.xml:124:17-69
activity#com.example.sjqcjstock.Activity.WelcomeActivity
ADDED from src\main\AndroidManifest.xml:132:9-146:20
	android:screenOrientation
		ADDED from src\main\AndroidManifest.xml:135:13-49
	android:label
		ADDED from src\main\AndroidManifest.xml:134:13-45
	android:name
		ADDED from src\main\AndroidManifest.xml:133:13-53
intent-filter#android.intent.action.MAIN+android.intent.category.LAUNCHER
ADDED from src\main\AndroidManifest.xml:136:13-139:29
action#android.intent.action.MAIN
ADDED from src\main\AndroidManifest.xml:137:17-69
	android:name
		ADDED from src\main\AndroidManifest.xml:137:25-66
category#android.intent.category.LAUNCHER
ADDED from src\main\AndroidManifest.xml:138:17-77
	android:name
		ADDED from src\main\AndroidManifest.xml:138:27-74
intent-filter#android.intent.action.VIEW+android.intent.category.BROWSABLE+android.intent.category.DEFAULT
ADDED from src\main\AndroidManifest.xml:140:13-145:29
action#android.intent.action.VIEW
ADDED from src\main\AndroidManifest.xml:141:17-69
	android:name
		ADDED from src\main\AndroidManifest.xml:141:25-66
category#android.intent.category.BROWSABLE
ADDED from src\main\AndroidManifest.xml:143:17-78
	android:name
		ADDED from src\main\AndroidManifest.xml:143:27-75
activity#com.example.sjqcjstock.Activity.user.loginActivity
ADDED from src\main\AndroidManifest.xml:147:9-150:52
	android:screenOrientation
		ADDED from src\main\AndroidManifest.xml:150:13-49
	android:label
		ADDED from src\main\AndroidManifest.xml:149:13-45
	android:name
		ADDED from src\main\AndroidManifest.xml:148:13-56
activity#com.tencent.connect.common.AssistActivity
ADDED from src\main\AndroidManifest.xml:153:9-157:75
	android:screenOrientation
		ADDED from src\main\AndroidManifest.xml:156:13-49
	android:configChanges
		ADDED from src\main\AndroidManifest.xml:155:13-63
	android:theme
		ADDED from src\main\AndroidManifest.xml:157:13-72
	android:name
		ADDED from src\main\AndroidManifest.xml:154:13-69
activity#com.tencent.tauth.AuthActivity
ADDED from src\main\AndroidManifest.xml:160:9-171:20
	android:noHistory
		ADDED from src\main\AndroidManifest.xml:163:13-37
	android:name
		ADDED from src\main\AndroidManifest.xml:161:13-58
	android:launchMode
		ADDED from src\main\AndroidManifest.xml:162:13-44
activity#com.example.sjqcjstock.wxapi.WXEntryActivity
ADDED from src\main\AndroidManifest.xml:174:9-177:36
	android:label
		ADDED from src\main\AndroidManifest.xml:177:13-33
	android:exported
		ADDED from src\main\AndroidManifest.xml:176:13-36
	android:name
		ADDED from src\main\AndroidManifest.xml:175:13-50
activity#com.example.sjqcjstock.wxapi.WXPayEntryActivity
ADDED from src\main\AndroidManifest.xml:179:9-182:36
	android:label
		ADDED from src\main\AndroidManifest.xml:182:13-33
	android:exported
		ADDED from src\main\AndroidManifest.xml:181:13-36
	android:name
		ADDED from src\main\AndroidManifest.xml:180:13-53
activity#com.example.sjqcjstock.Activity.MainActivity
ADDED from src\main\AndroidManifest.xml:183:9-185:35
	android:label
		ADDED from src\main\AndroidManifest.xml:185:13-32
	android:name
		ADDED from src\main\AndroidManifest.xml:184:13-50
activity#com.example.sjqcjstock.Activity.user.RegisterActivity
ADDED from src\main\AndroidManifest.xml:186:9-188:36
	android:label
		ADDED from src\main\AndroidManifest.xml:188:13-33
	android:name
		ADDED from src\main\AndroidManifest.xml:187:13-59
activity#com.example.sjqcjstock.Activity.EssenceListActivty
ADDED from src\main\AndroidManifest.xml:189:9-191:39
	android:label
		ADDED from src\main\AndroidManifest.xml:191:13-36
	android:name
		ADDED from src\main\AndroidManifest.xml:190:13-56
activity#com.example.sjqcjstock.Activity.supermanlistActivity
ADDED from src\main\AndroidManifest.xml:192:9-194:40
	android:label
		ADDED from src\main\AndroidManifest.xml:194:13-37
	android:name
		ADDED from src\main\AndroidManifest.xml:193:13-58
activity#com.example.sjqcjstock.Activity.informdetailActivity
ADDED from src\main\AndroidManifest.xml:195:9-197:38
	android:label
		ADDED from src\main\AndroidManifest.xml:197:13-35
	android:name
		ADDED from src\main\AndroidManifest.xml:196:13-58
activity#com.example.sjqcjstock.Activity.user.usersettingActivity
ADDED from src\main\AndroidManifest.xml:198:9-200:40
	android:label
		ADDED from src\main\AndroidManifest.xml:200:13-37
	android:name
		ADDED from src\main\AndroidManifest.xml:199:13-62
activity#com.example.sjqcjstock.Activity.PushSettingsActivity
ADDED from src\main\AndroidManifest.xml:201:9-203:36
	android:label
		ADDED from src\main\AndroidManifest.xml:203:13-33
	android:name
		ADDED from src\main\AndroidManifest.xml:202:13-58
activity#com.example.sjqcjstock.Activity.aboutmyActivityNew
ADDED from src\main\AndroidManifest.xml:204:9-206:39
	android:label
		ADDED from src\main\AndroidManifest.xml:206:13-36
	android:name
		ADDED from src\main\AndroidManifest.xml:205:13-56
activity#com.example.sjqcjstock.Activity.user.modifypasswordActivity
ADDED from src\main\AndroidManifest.xml:207:9-209:39
	android:label
		ADDED from src\main\AndroidManifest.xml:209:13-36
	android:name
		ADDED from src\main\AndroidManifest.xml:208:13-65
activity#com.example.sjqcjstock.Activity.Article.CommentActivity
ADDED from src\main\AndroidManifest.xml:216:9-218:36
	android:label
		ADDED from src\main\AndroidManifest.xml:218:13-33
	android:name
		ADDED from src\main\AndroidManifest.xml:217:13-61
activity#com.example.sjqcjstock.Activity.Article.addcommentweiboActivity
ADDED from src\main\AndroidManifest.xml:219:9-222:71
	android:windowSoftInputMode
		ADDED from src\main\AndroidManifest.xml:222:13-68
	android:label
		ADDED from src\main\AndroidManifest.xml:221:13-36
	android:name
		ADDED from src\main\AndroidManifest.xml:220:13-69
activity#com.example.sjqcjstock.Activity.atmeActivity
ADDED from src\main\AndroidManifest.xml:223:9-225:41
	android:label
		ADDED from src\main\AndroidManifest.xml:225:13-38
	android:name
		ADDED from src\main\AndroidManifest.xml:224:13-50
activity#com.example.sjqcjstock.Activity.personalnewsActivity
ADDED from src\main\AndroidManifest.xml:226:9-228:39
	android:label
		ADDED from src\main\AndroidManifest.xml:228:13-36
	android:name
		ADDED from src\main\AndroidManifest.xml:227:13-58
activity#com.example.sjqcjstock.Activity.Article.commentshortweiboActivity
ADDED from src\main\AndroidManifest.xml:229:9-232:71
	android:windowSoftInputMode
		ADDED from src\main\AndroidManifest.xml:232:13-68
	android:label
		ADDED from src\main\AndroidManifest.xml:231:13-36
	android:name
		ADDED from src\main\AndroidManifest.xml:230:13-71
activity#com.example.sjqcjstock.Activity.Article.commentlongweiboActivity
ADDED from src\main\AndroidManifest.xml:233:9-236:71
	android:windowSoftInputMode
		ADDED from src\main\AndroidManifest.xml:236:13-68
	android:label
		ADDED from src\main\AndroidManifest.xml:235:13-36
	android:name
		ADDED from src\main\AndroidManifest.xml:234:13-70
activity#com.example.sjqcjstock.Activity.Article.commentrewardweiboActivity
ADDED from src\main\AndroidManifest.xml:237:9-240:71
	android:windowSoftInputMode
		ADDED from src\main\AndroidManifest.xml:240:13-68
	android:label
		ADDED from src\main\AndroidManifest.xml:239:13-37
	android:name
		ADDED from src\main\AndroidManifest.xml:238:13-72
activity#com.example.sjqcjstock.Activity.Article.addreplycommentweiboActivity
ADDED from src\main\AndroidManifest.xml:241:9-244:71
	android:windowSoftInputMode
		ADDED from src\main\AndroidManifest.xml:244:13-68
	android:label
		ADDED from src\main\AndroidManifest.xml:243:13-36
	android:name
		ADDED from src\main\AndroidManifest.xml:242:13-74
activity#com.example.sjqcjstock.Activity.transpondweiboActivity
ADDED from src\main\AndroidManifest.xml:245:9-248:71
	android:windowSoftInputMode
		ADDED from src\main\AndroidManifest.xml:248:13-68
	android:label
		ADDED from src\main\AndroidManifest.xml:247:13-36
	android:name
		ADDED from src\main\AndroidManifest.xml:246:13-60
activity#com.example.sjqcjstock.Activity.user.myfansActivity
ADDED from src\main\AndroidManifest.xml:249:9-251:34
	android:label
		ADDED from src\main\AndroidManifest.xml:251:13-31
	android:name
		ADDED from src\main\AndroidManifest.xml:250:13-57
activity#com.example.sjqcjstock.Activity.selectstockmatchActivity
ADDED from src\main\AndroidManifest.xml:252:9-254:38
	android:label
		ADDED from src\main\AndroidManifest.xml:254:13-35
	android:name
		ADDED from src\main\AndroidManifest.xml:253:13-62
activity#com.example.sjqcjstock.Activity.stockmatchreportActivity
ADDED from src\main\AndroidManifest.xml:255:9-257:38
	android:label
		ADDED from src\main\AndroidManifest.xml:257:13-35
	android:name
		ADDED from src\main\AndroidManifest.xml:256:13-62
activity#com.example.sjqcjstock.Activity.Article.ArticleDetailsActivity
ADDED from src\main\AndroidManifest.xml:258:9-260:35
	android:label
		ADDED from src\main\AndroidManifest.xml:260:13-32
	android:name
		ADDED from src\main\AndroidManifest.xml:259:13-68
activity#com.example.sjqcjstock.Activity.IwillselectstockActivity
ADDED from src\main\AndroidManifest.xml:261:9-263:38
	android:label
		ADDED from src\main\AndroidManifest.xml:263:13-35
	android:name
		ADDED from src\main\AndroidManifest.xml:262:13-62
activity#com.example.sjqcjstock.Activity.gwzhmatchActivity
ADDED from src\main\AndroidManifest.xml:265:9-267:38
	android:label
		ADDED from src\main\AndroidManifest.xml:267:13-35
	android:name
		ADDED from src\main\AndroidManifest.xml:266:13-55
activity#com.example.sjqcjstock.Activity.atfriendActivity
ADDED from src\main\AndroidManifest.xml:268:9-271:39
	android:windowSoftInputMode
		ADDED from src\main\AndroidManifest.xml:270:13-55
	android:label
		ADDED from src\main\AndroidManifest.xml:271:13-36
	android:name
		ADDED from src\main\AndroidManifest.xml:269:13-54
activity#com.example.sjqcjstock.Activity.discussareaActivity
ADDED from src\main\AndroidManifest.xml:272:9-274:38
	android:label
		ADDED from src\main\AndroidManifest.xml:274:13-35
	android:name
		ADDED from src\main\AndroidManifest.xml:273:13-57
activity#com.example.sjqcjstock.Activity.user.userinfoeditActivitynew
ADDED from src\main\AndroidManifest.xml:275:9-277:42
	android:label
		ADDED from src\main\AndroidManifest.xml:277:13-39
	android:name
		ADDED from src\main\AndroidManifest.xml:276:13-66
activity#com.example.sjqcjstock.Activity.user.edituserinfousernameActivity
ADDED from src\main\AndroidManifest.xml:278:9-280:39
	android:label
		ADDED from src\main\AndroidManifest.xml:280:13-36
	android:name
		ADDED from src\main\AndroidManifest.xml:279:13-71
activity#com.example.sjqcjstock.Activity.user.edituserinfouserintroActivity
ADDED from src\main\AndroidManifest.xml:281:9-283:39
	android:label
		ADDED from src\main\AndroidManifest.xml:283:13-36
	android:name
		ADDED from src\main\AndroidManifest.xml:282:13-72
activity#com.example.sjqcjstock.Activity.weekbullsrankingActivity
ADDED from src\main\AndroidManifest.xml:284:9-286:44
	android:label
		ADDED from src\main\AndroidManifest.xml:286:13-41
	android:name
		ADDED from src\main\AndroidManifest.xml:285:13-62
activity#com.example.sjqcjstock.Activity.totalrankingnewActivity
ADDED from src\main\AndroidManifest.xml:287:9-289:39
	android:label
		ADDED from src\main\AndroidManifest.xml:289:13-36
	android:name
		ADDED from src\main\AndroidManifest.xml:288:13-61
activity#com.example.sjqcjstock.Activity.weekrankingnewActivity
ADDED from src\main\AndroidManifest.xml:290:9-292:39
	android:label
		ADDED from src\main\AndroidManifest.xml:292:13-36
	android:name
		ADDED from src\main\AndroidManifest.xml:291:13-60
activity#com.example.sjqcjstock.Activity.weekrankingnewdetailActivity
ADDED from src\main\AndroidManifest.xml:293:9-295:40
	android:label
		ADDED from src\main\AndroidManifest.xml:295:13-37
	android:name
		ADDED from src\main\AndroidManifest.xml:294:13-66
activity#com.example.sjqcjstock.Activity.systemMessageListActivity
ADDED from src\main\AndroidManifest.xml:296:9-298:38
	android:label
		ADDED from src\main\AndroidManifest.xml:298:13-35
	android:name
		ADDED from src\main\AndroidManifest.xml:297:13-63
activity#com.example.sjqcjstock.Activity.systemMessageActivity
ADDED from src\main\AndroidManifest.xml:299:9-301:36
	android:label
		ADDED from src\main\AndroidManifest.xml:301:13-33
	android:name
		ADDED from src\main\AndroidManifest.xml:300:13-59
activity#com.example.sjqcjstock.Activity.rewardMessageActivity
ADDED from src\main\AndroidManifest.xml:302:9-304:36
	android:label
		ADDED from src\main\AndroidManifest.xml:304:13-33
	android:name
		ADDED from src\main\AndroidManifest.xml:303:13-59
activity#com.example.sjqcjstock.Activity.CrystalBwaterActivity
ADDED from src\main\AndroidManifest.xml:305:9-307:37
	android:label
		ADDED from src\main\AndroidManifest.xml:307:13-34
	android:name
		ADDED from src\main\AndroidManifest.xml:306:13-59
activity#com.example.sjqcjstock.Activity.AgreementActivity
ADDED from src\main\AndroidManifest.xml:308:9-310:36
	android:label
		ADDED from src\main\AndroidManifest.xml:310:13-33
	android:name
		ADDED from src\main\AndroidManifest.xml:309:13-55
activity#com.example.sjqcjstock.Activity.advertUrlActivity
ADDED from src\main\AndroidManifest.xml:311:9-313:42
	android:label
		ADDED from src\main\AndroidManifest.xml:313:13-39
	android:name
		ADDED from src\main\AndroidManifest.xml:312:13-55
activity#com.example.sjqcjstock.Activity.RewardListAcitivity
ADDED from src\main\AndroidManifest.xml:314:9-316:43
	android:label
		ADDED from src\main\AndroidManifest.xml:316:13-40
	android:name
		ADDED from src\main\AndroidManifest.xml:315:13-57
activity#com.example.sjqcjstock.Activity.user.ForgotPassWordActivity
ADDED from src\main\AndroidManifest.xml:317:9-319:40
	android:label
		ADDED from src\main\AndroidManifest.xml:319:17-37
	android:name
		ADDED from src\main\AndroidManifest.xml:318:13-65
activity#com.example.sjqcjstock.Activity.RechargeActivity
ADDED from src\main\AndroidManifest.xml:320:9-322:40
	android:label
		ADDED from src\main\AndroidManifest.xml:322:17-37
	android:name
		ADDED from src\main\AndroidManifest.xml:321:13-54
activity#com.example.sjqcjstock.Activity.CrystalCoinActivity
ADDED from src\main\AndroidManifest.xml:323:9-325:41
	android:label
		ADDED from src\main\AndroidManifest.xml:325:17-38
	android:name
		ADDED from src\main\AndroidManifest.xml:324:13-57
activity#com.example.sjqcjstock.Activity.ShowImageActivity
ADDED from src\main\AndroidManifest.xml:326:9-328:43
	android:label
		ADDED from src\main\AndroidManifest.xml:328:17-40
	android:name
		ADDED from src\main\AndroidManifest.xml:327:13-55
activity#com.example.sjqcjstock.Activity.ActivityMessage
ADDED from src\main\AndroidManifest.xml:329:9-331:42
	android:label
		ADDED from src\main\AndroidManifest.xml:331:17-39
	android:name
		ADDED from src\main\AndroidManifest.xml:330:13-53
activity#com.example.sjqcjstock.Activity.SearchActivity
ADDED from src\main\AndroidManifest.xml:332:9-335:20
	android:label
		ADDED from src\main\AndroidManifest.xml:334:13-35
	android:name
		ADDED from src\main\AndroidManifest.xml:333:13-52
activity#com.example.sjqcjstock.Activity.Article.ReferenceActivity
ADDED from src\main\AndroidManifest.xml:336:9-339:20
	android:label
		ADDED from src\main\AndroidManifest.xml:338:13-33
	android:name
		ADDED from src\main\AndroidManifest.xml:337:13-63
activity#com.example.sjqcjstock.Activity.OnlineServiceActivity
ADDED from src\main\AndroidManifest.xml:340:9-343:20
	android:label
		ADDED from src\main\AndroidManifest.xml:342:13-35
	android:name
		ADDED from src\main\AndroidManifest.xml:341:13-81
activity#com.example.sjqcjstock.Activity.CattleListActivity
ADDED from src\main\AndroidManifest.xml:344:9-347:20
	android:label
		ADDED from src\main\AndroidManifest.xml:346:13-35
	android:name
		ADDED from src\main\AndroidManifest.xml:345:13-78
activity#com.example.sjqcjstock.Activity.RealTimeRecordActivity
ADDED from src\main\AndroidManifest.xml:348:9-351:20
	android:label
		ADDED from src\main\AndroidManifest.xml:350:13-33
	android:name
		ADDED from src\main\AndroidManifest.xml:349:13-82
activity#com.example.sjqcjstock.Activity.stocks.SharesDetailedActivity
ADDED from src\main\AndroidManifest.xml:353:9-355:42
	android:label
		ADDED from src\main\AndroidManifest.xml:355:17-39
	android:name
		ADDED from src\main\AndroidManifest.xml:354:13-67
activity#com.example.sjqcjstock.Activity.stocks.BusinessActivity
ADDED from src\main\AndroidManifest.xml:356:9-358:40
	android:label
		ADDED from src\main\AndroidManifest.xml:358:17-37
	android:name
		ADDED from src\main\AndroidManifest.xml:357:13-61
activity#com.example.sjqcjstock.Activity.stocks.QueryActivity
ADDED from src\main\AndroidManifest.xml:359:9-361:42
	android:label
		ADDED from src\main\AndroidManifest.xml:361:17-39
	android:name
		ADDED from src\main\AndroidManifest.xml:360:13-58
activity#com.example.sjqcjstock.Activity.stocks.DayDealActivity
ADDED from src\main\AndroidManifest.xml:362:9-364:38
	android:label
		ADDED from src\main\AndroidManifest.xml:364:13-35
	android:name
		ADDED from src\main\AndroidManifest.xml:363:13-60
activity#com.example.sjqcjstock.Activity.stocks.DayCommissionActivity
ADDED from src\main\AndroidManifest.xml:365:9-367:38
	android:label
		ADDED from src\main\AndroidManifest.xml:367:13-35
	android:name
		ADDED from src\main\AndroidManifest.xml:366:13-66
activity#com.example.sjqcjstock.Activity.stocks.HistoryDealActivity
ADDED from src\main\AndroidManifest.xml:368:9-370:38
	android:label
		ADDED from src\main\AndroidManifest.xml:370:13-35
	android:name
		ADDED from src\main\AndroidManifest.xml:369:13-64
activity#com.example.sjqcjstock.Activity.stocks.HistoryCommissionActivity
ADDED from src\main\AndroidManifest.xml:371:9-373:38
	android:label
		ADDED from src\main\AndroidManifest.xml:373:13-35
	android:name
		ADDED from src\main\AndroidManifest.xml:372:13-70
activity#com.example.sjqcjstock.Activity.stocks.HistoryPositionActivity
ADDED from src\main\AndroidManifest.xml:374:9-376:38
	android:label
		ADDED from src\main\AndroidManifest.xml:376:13-35
	android:name
		ADDED from src\main\AndroidManifest.xml:375:13-68
activity#com.example.sjqcjstock.Activity.stocks.MyDealAccountActivity
ADDED from src\main\AndroidManifest.xml:377:9-379:38
	android:label
		ADDED from src\main\AndroidManifest.xml:379:13-35
	android:name
		ADDED from src\main\AndroidManifest.xml:378:13-66
activity#com.example.sjqcjstock.Activity.stocks.TransactionDetailActivity
ADDED from src\main\AndroidManifest.xml:380:9-382:42
	android:label
		ADDED from src\main\AndroidManifest.xml:382:13-39
	android:name
		ADDED from src\main\AndroidManifest.xml:381:13-70
activity#com.example.sjqcjstock.Activity.stocks.ExpertListsActivity
ADDED from src\main\AndroidManifest.xml:383:9-385:37
	android:label
		ADDED from src\main\AndroidManifest.xml:385:13-34
	android:name
		ADDED from src\main\AndroidManifest.xml:384:13-64
activity#com.example.sjqcjstock.Activity.stocks.SimulationGameActivity
ADDED from src\main\AndroidManifest.xml:386:9-388:38
	android:label
		ADDED from src\main\AndroidManifest.xml:388:13-35
	android:name
		ADDED from src\main\AndroidManifest.xml:387:13-67
activity#com.example.sjqcjstock.Activity.stocks.SimulationGameDetailsActivity
ADDED from src\main\AndroidManifest.xml:389:9-391:40
	android:label
		ADDED from src\main\AndroidManifest.xml:391:13-37
	android:name
		ADDED from src\main\AndroidManifest.xml:390:13-74
activity#com.example.sjqcjstock.Activity.stocks.UserDetailNewActivity
ADDED from src\main\AndroidManifest.xml:392:9-394:41
	android:label
		ADDED from src\main\AndroidManifest.xml:394:13-38
	android:name
		ADDED from src\main\AndroidManifest.xml:393:13-66
activity#com.example.sjqcjstock.Activity.stocks.SearchSharesActivity
ADDED from src\main\AndroidManifest.xml:395:9-397:39
	android:label
		ADDED from src\main\AndroidManifest.xml:397:13-36
	android:name
		ADDED from src\main\AndroidManifest.xml:396:13-65
activity#com.example.sjqcjstock.Activity.stocks.SubscribeConfirmActivity
ADDED from src\main\AndroidManifest.xml:398:9-400:38
	android:label
		ADDED from src\main\AndroidManifest.xml:400:13-35
	android:name
		ADDED from src\main\AndroidManifest.xml:399:13-69
activity#com.example.sjqcjstock.Activity.stocks.MyDynamicExpertActivity
ADDED from src\main\AndroidManifest.xml:401:9-403:44
	android:label
		ADDED from src\main\AndroidManifest.xml:403:13-41
	android:name
		ADDED from src\main\AndroidManifest.xml:402:13-68